14:22:05.871 [main] INFO  testCases.TC004_UsedCarDetails - Setting the driver
14:22:11.235 [main] INFO  testCases.TC005_HealthInsurance - Setting the driver
14:23:04.150 [main] INFO  testCases.TC001_InvalidGoogleLogin - Setting the driver
14:23:24.246 [main] INFO  testCases.TC002_BikeDetails - Setting the driver
14:23:44.727 [main] INFO  testCases.TC003_CarDetails - Setting the driver
14:24:35.736 [main] INFO  testCases.TC004_UsedCarDetails - Setting the driver
14:24:41.842 [main] INFO  testCases.TC005_HealthInsurance - Setting the driver
14:32:56.987 [main] INFO  testCases.TC001_InvalidGoogleLogin - Setting the driver
14:33:11.072 [main] INFO  testCases.TC002_BikeDetails - Setting the driver
14:33:25.341 [main] INFO  testCases.TC003_CarDetails - Setting the driver
14:33:39.706 [main] INFO  testCases.TC004_UsedCarDetails - Setting the driver
14:34:17.150 [main] INFO  testCases.TC005_HealthInsurance - Setting the driver
14:35:52.827 [main] INFO  testCases.TC001_InvalidGoogleLogin - Setting the driver
14:36:17.308 [main] INFO  testCases.TC002_BikeDetails - Setting the driver
14:36:27.320 [main] INFO  testCases.TC003_CarDetails - Setting the driver
14:36:48.441 [main] INFO  testCases.TC004_UsedCarDetails - Setting the driver
14:43:21.991 [main] INFO  testCases.TC001_InvalidGoogleLogin - Setting the driver
14:43:28.739 [main] INFO  testCases.TC002_BikeDetails - Setting the driver
14:43:33.393 [main] INFO  testCases.TC003_CarDetails - Setting the driver
14:43:38.567 [main] INFO  testCases.TC004_UsedCarDetails - Setting the driver
14:43:45.551 [main] INFO  testCases.TC005_HealthInsurance - Setting the driver
14:44:35.164 [main] INFO  testCases.TC001_InvalidGoogleLogin - Setting the driver
14:44:46.439 [main] INFO  testCases.TC002_BikeDetails - Setting the driver
14:45:05.118 [main] INFO  testCases.TC001_InvalidGoogleLogin - Setting the driver
14:45:16.766 [main] INFO  testCases.TC002_BikeDetails - Setting the driver
14:45:26.419 [main] INFO  testCases.TC003_CarDetails - Setting the driver
14:45:45.915 [main] INFO  testCases.TC004_UsedCarDetails - Setting the driver
14:46:01.964 [main] INFO  testCases.TC005_HealthInsurance - Setting the driver
